==41347== Memcheck, a memory error detector
==41347== Copyright (C) 2002-2013, and GNU GPL'd, by Julian Seward et al.
==41347== Using Valgrind-3.10.0 and LibVEX; rerun with -h for copyright info
==41347== Command: ./Debug/Ats
==41347== Parent PID: 29539
==41347== 
==41347== Mismatched free() / delete / delete []
==41347==    at 0x4C2B131: operator delete(void*) (in /usr/lib64/valgrind/vgpreload_memcheck-amd64-linux.so)
==41347==    by 0x4F9CB11: __tcf_0 (in /home/ruanbo/Codes/Ats/ctp/libthosttraderapi.so)
==41347==    by 0x67931D9: __cxa_finalize (cxa_finalize.c:55)
==41347==    by 0x4F1C985: ??? (in /home/ruanbo/Codes/Ats/ctp/libthosttraderapi.so)
==41347==    by 0x50D1ED0: ??? (in /home/ruanbo/Codes/Ats/ctp/libthosttraderapi.so)
==41347==    by 0x6792E68: __run_exit_handlers (exit.c:77)
==41347==    by 0x6792EB4: exit (exit.c:99)
==41347==    by 0x677BB1B: (below main) (libc-start.c:308)
==41347==  Address 0x777d260 is 0 bytes inside a block of size 424 alloc'd
==41347==    at 0x4C2A7AA: operator new[](unsigned long) (in /usr/lib64/valgrind/vgpreload_memcheck-amd64-linux.so)
==41347==    by 0x4F9C8A4: __static_initialization_and_destruction_0(int, int) (in /home/ruanbo/Codes/Ats/ctp/libthosttraderapi.so)
==41347==    by 0x50D1EB5: ??? (in /home/ruanbo/Codes/Ats/ctp/libthosttraderapi.so)
==41347==    by 0x4F1BF4F: ??? (in /home/ruanbo/Codes/Ats/ctp/libthosttraderapi.so)
==41347== 
==41347== Mismatched free() / delete / delete []
==41347==    at 0x4C2B131: operator delete(void*) (in /usr/lib64/valgrind/vgpreload_memcheck-amd64-linux.so)
==41347==    by 0x59F1451: __tcf_0 (in /home/ruanbo/Codes/Ats/ctp/libthostmduserapi.so)
==41347==    by 0x67931D9: __cxa_finalize (cxa_finalize.c:55)
==41347==    by 0x5971F45: ??? (in /home/ruanbo/Codes/Ats/ctp/libthostmduserapi.so)
==41347==    by 0x5A37930: ??? (in /home/ruanbo/Codes/Ats/ctp/libthostmduserapi.so)
==41347==    by 0x6792E68: __run_exit_handlers (exit.c:77)
==41347==    by 0x6792EB4: exit (exit.c:99)
==41347==    by 0x677BB1B: (below main) (libc-start.c:308)
==41347==  Address 0x7772f40 is 0 bytes inside a block of size 424 alloc'd
==41347==    at 0x4C2A7AA: operator new[](unsigned long) (in /usr/lib64/valgrind/vgpreload_memcheck-amd64-linux.so)
==41347==    by 0x59F11E4: __static_initialization_and_destruction_0(int, int) (in /home/ruanbo/Codes/Ats/ctp/libthostmduserapi.so)
==41347==    by 0x5A37915: ??? (in /home/ruanbo/Codes/Ats/ctp/libthostmduserapi.so)
==41347==    by 0x597173A: ??? (in /home/ruanbo/Codes/Ats/ctp/libthostmduserapi.so)
==41347== 
==41347== 
==41347== HEAP SUMMARY:
==41347==     in use at exit: 93,296 bytes in 7 blocks
==41347==   total heap usage: 5,079 allocs, 5,072 frees, 842,746 bytes allocated
==41347== 
==41347== LEAK SUMMARY:
==41347==    definitely lost: 0 bytes in 0 blocks
==41347==    indirectly lost: 0 bytes in 0 blocks
==41347==      possibly lost: 0 bytes in 0 blocks
==41347==    still reachable: 93,296 bytes in 7 blocks
==41347==         suppressed: 0 bytes in 0 blocks
==41347== Reachable blocks (those to which a pointer was found) are not shown.
==41347== To see them, rerun with: --leak-check=full --show-leak-kinds=all
==41347== 
==41347== For counts of detected and suppressed errors, rerun with: -v
==41347== ERROR SUMMARY: 2 errors from 2 contexts (suppressed: 1 from 1)
